conloquor	conloquor	conloquor
conloquor	conloqueris	conloquor
conloquor	conloquere	conloquor
conloquor	conloquitur	conloquor
conloquor	conloquimur	conloquor
conloquor	conloquiminī	conloquor
conloquor	conloquuntur	conloquor
conloquor	conloquēbar	conloquor
conloquor	conloquēbāris	conloquor
conloquor	conloquēbāre	conloquor
conloquor	conloquēbātur	conloquor
conloquor	conloquēbāmur	conloquor
conloquor	conloquēbāminī	conloquor
conloquor	conloquēbantur	conloquor
conloquor	conloquar	conloquor
conloquor	conloquēris	conloquor
conloquor	conloquēre	conloquor
conloquor	conloquētur	conloquor
conloquor	conloquēmur	conloquor
conloquor	conloquēminī	conloquor
conloquor	conloquentur	conloquor
conloquor	conloquar	conloquor
conloquor	conloquāris	conloquor
conloquor	conloquāre	conloquor
conloquor	conloquātur	conloquor
conloquor	conloquāmur	conloquor
conloquor	conloquāminī	conloquor
conloquor	conloquantur	conloquor
conloquor	conloquerer	conloquor
conloquor	conloquerēris	conloquor
conloquor	conloquerēre	conloquor
conloquor	conloquerētur	conloquor
conloquor	conloquerēmur	conloquor
conloquor	conloquerēminī	conloquor
conloquor	conloquerentur	conloquor
conloquor	conloquere	conloquor
conloquor	conloquiminī	conloquor
conloquor	conloquitor	conloquor
conloquor	conloquitor	conloquor
conloquor	conloquuntor	conloquor
conloquor	conloquī	conloquor
conloquor	conlocūtum esse	conloquor
conloquor	conlocūtūrum esse	conloquor
conloquor	conloquēns	conloquor
conloquor	conlocūtus	conloquor
conloquor	conlocūtūrus	conloquor
conloquor	conloquendus	conloquor
conloquor	conloquendī	conloquor
conloquor	conloquendō	conloquor
conloquor	conloquendum	conloquor
conloquor	conloquendō	conloquor
conloquor	conlocūtum	conloquor
conloquor	conlocūtū	conloquor
diffīdō	diffīdō	diffīdō
diffīdō	diffīdis	diffīdō
diffīdō	diffīdit	diffīdō
diffīdō	diffīdimus	diffīdō
diffīdō	diffīditis	diffīdō
diffīdō	diffīdunt	diffīdō
diffīdō	diffīdēbam	diffīdō
diffīdō	diffīdēbās	diffīdō
diffīdō	diffīdēbat	diffīdō
diffīdō	diffīdēbāmus	diffīdō
diffīdō	diffīdēbātis	diffīdō
diffīdō	diffīdēbant	diffīdō
diffīdō	diffīdam	diffīdō
diffīdō	diffīdēs	diffīdō
diffīdō	diffīdet	diffīdō
diffīdō	diffīdēmus	diffīdō
diffīdō	diffīdētis	diffīdō
diffīdō	diffīdent	diffīdō
diffīdō	diffīdam	diffīdō
diffīdō	diffīdās	diffīdō
diffīdō	diffīdat	diffīdō
diffīdō	diffīdāmus	diffīdō
diffīdō	diffīdātis	diffīdō
diffīdō	diffīdant	diffīdō
diffīdō	diffīderem	diffīdō
diffīdō	diffīderēs	diffīdō
diffīdō	diffīderet	diffīdō
diffīdō	diffīderēmus	diffīdō
diffīdō	diffīderētis	diffīdō
diffīdō	diffīderent	diffīdō
diffīdō	diffīde	diffīdō
diffīdō	diffīdite	diffīdō
diffīdō	diffīditō	diffīdō
diffīdō	diffīditō	diffīdō
diffīdō	diffīditōte	diffīdō
diffīdō	diffīduntō	diffīdō
diffīdō	diffīdere	diffīdō
diffīdō	diffīsum esse	diffīdō
diffīdō	diffīsūrum esse	diffīdō
diffīdō	diffīdēns	diffīdō
diffīdō	diffīsus	diffīdō
diffīdō	diffīsūrus	diffīdō
diffīdō	diffīdendī	diffīdō
diffīdō	diffīdendō	diffīdō
diffīdō	diffīdendum	diffīdō
diffīdō	diffīdendō	diffīdō
diffīdō	diffīsum	diffīdō
diffīdō	diffīsū	diffīdō
nāscor	nāscor	nāscor
nāscor	nāsceris	nāscor
nāscor	nāscere	nāscor
nāscor	nāscitur	nāscor
nāscor	nāscimur	nāscor
nāscor	nāsciminī	nāscor
nāscor	nāscuntur	nāscor
nāscor	nāscēbar	nāscor
nāscor	nāscēbāris	nāscor
nāscor	nāscēbāre	nāscor
nāscor	nāscēbātur	nāscor
nāscor	nāscēbāmur	nāscor
nāscor	nāscēbāminī	nāscor
nāscor	nāscēbantur	nāscor
nāscor	nāscar	nāscor
nāscor	nāscēris	nāscor
nāscor	nāscēre	nāscor
nāscor	nāscētur	nāscor
nāscor	nāscēmur	nāscor
nāscor	nāscēminī	nāscor
nāscor	nāscentur	nāscor
nāscor	nāscar	nāscor
nāscor	nāscāris	nāscor
nāscor	nāscāre	nāscor
nāscor	nāscātur	nāscor
nāscor	nāscāmur	nāscor
nāscor	nāscāminī	nāscor
nāscor	nāscantur	nāscor
nāscor	nāscerer	nāscor
nāscor	nāscerēris	nāscor
nāscor	nāscerēre	nāscor
nāscor	nāscerētur	nāscor
nāscor	nāscerēmur	nāscor
nāscor	nāscerēminī	nāscor
nāscor	nāscerentur	nāscor
nāscor	nāscere	nāscor
nāscor	nāsciminī	nāscor
nāscor	nāscitor	nāscor
nāscor	nāscitor	nāscor
nāscor	nāscuntor	nāscor
nāscor	nāscī	nāscor
nāscor	nātum esse	nāscor
nāscor	nātūrum esse	nāscor
nāscor	nāscēns	nāscor
nāscor	nātus	nāscor
nāscor	nātūrus	nāscorSC;SG
nāscor	nāscendus	nāscor
nāscor	nāscundus	nāscor
nāscor	nāscendī	nāscor
nāscor	nāscendō	nāscor
nāscor	nāscendum	nāscor
nāscor	nāscendō	nāscor
nāscor	nātum	nāscor
nāscor	nātū	nāscor
latēscō	latēscō	latēscō
latēscō	latēscis	latēscō
latēscō	latēscit	latēscō
latēscō	latēscimus	latēscō
latēscō	latēscitis	latēscō
latēscō	latēscunt	latēscō
latēscō	latēscēbam	latēscō
latēscō	latēscēbās	latēscō
latēscō	latēscēbat	latēscō
latēscō	latēscēbāmus	latēscō
latēscō	latēscēbātis	latēscō
latēscō	latēscēbant	latēscō
latēscō	latēscam	latēscō
latēscō	latēscēs	latēscō
latēscō	latēscet	latēscō
latēscō	latēscēmus	latēscō
latēscō	latēscētis	latēscō
latēscō	latēscent	latēscō
latēscō	latēscam	latēscō
latēscō	latēscās	latēscō
latēscō	latēscat	latēscō
latēscō	latēscāmus	latēscō
latēscō	latēscātis	latēscō
latēscō	latēscant	latēscō
latēscō	latēscerem	latēscō
latēscō	latēscerēs	latēscō
latēscō	latēsceret	latēscō
latēscō	latēscerēmus	latēscō
latēscō	latēscerētis	latēscō
latēscō	latēscerent	latēscō
latēscō	latēsce	latēscō
latēscō	latēscite	latēscō
latēscō	latēscitō	latēscō
latēscō	latēscitō	latēscō
latēscō	latēscitōte	latēscō
latēscō	latēscuntō	latēscō
latēscō	latēscere	latēscō
latēscō	latēscēns	latēscō
latēscō	latēscendī	latēscō
latēscō	latēscendō	latēscō
latēscō	latēscendum	latēscō
latēscō	latēscendō	latēscō
latēscō	latēscō	latēscō
latēscō	latēscis	latēscō
latēscō	latēscit	latēscō
latēscō	latēscimus	latēscō
latēscō	latēscitis	latēscō
latēscō	latēscunt	latēscō
latēscō	latēscēbam	latēscō
latēscō	latēscēbās	latēscō
latēscō	latēscēbat	latēscō
latēscō	latēscēbāmus	latēscō
latēscō	latēscēbātis	latēscō
latēscō	latēscēbant	latēscō
latēscō	latēscam	latēscō
latēscō	latēscēs	latēscō
latēscō	latēscet	latēscō
latēscō	latēscēmus	latēscō
latēscō	latēscētis	latēscō
latēscō	latēscent	latēscō
latēscō	latēscam	latēscō
latēscō	latēscās	latēscō
latēscō	latēscat	latēscō
latēscō	latēscāmus	latēscō
latēscō	latēscātis	latēscō
latēscō	latēscant	latēscō
latēscō	latēscerem	latēscō
latēscō	latēscerēs	latēscō
latēscō	latēsceret	latēscō
latēscō	latēscerēmus	latēscō
latēscō	latēscerētis	latēscō
latēscō	latēscerent	latēscō
latēscō	latēsce	latēscō
latēscō	latēscite	latēscō
latēscō	latēscitō	latēscō
latēscō	latēscitō	latēscō
latēscō	latēscitōte	latēscō
latēscō	latēscuntō	latēscō
latēscō	latēscere	latēscō
latēscō	latēscēns	latēscō
latēscō	latēscendī	latēscō
latēscō	latēscendō	latēscō
latēscō	latēscendum	latēscō
latēscō	latēscendō	latēscō
glattiō	glattiō	glattiō
glattiō	glattīs	glattiō
glattiō	glattit	glattiō
glattiō	glattīmus	glattiō
glattiō	glattītis	glattiō
glattiō	glattiunt	glattiō
glattiō	glattiēbam	glattiō
glattiō	glattiēbās	glattiō
glattiō	glattiēbat	glattiō
glattiō	glattiēbāmus	glattiō
glattiō	glattiēbātis	glattiō
glattiō	glattiēbant	glattiō
glattiō	glattiam	glattiō
glattiō	glattiēs	glattiō
glattiō	glattiet	glattiō
glattiō	glattiēmus	glattiō
glattiō	glattiētis	glattiō
glattiō	glattient	glattiō
glattiō	glattiam	glattiō
glattiō	glattiās	glattiō
glattiō	glattiat	glattiō
glattiō	glattiāmus	glattiō
glattiō	glattiātis	glattiō
glattiō	glattiant	glattiō
glattiō	glattīrem	glattiō
glattiō	glattīrēs	glattiō
glattiō	glattīret	glattiō
glattiō	glattīrēmus	glattiō
glattiō	glattīrētis	glattiō
glattiō	glattīrent	glattiō
glattiō	glattī	glattiō
glattiō	glattīte	glattiō
glattiō	glattītō	glattiō
glattiō	glattītō	glattiō
glattiō	glattītōte	glattiō
glattiō	glattiuntō	glattiō
glattiō	glattīre	glattiō
glattiō	glattiēns	glattiō
glattiō	glattiendī	glattiō
glattiō	glattiendō	glattiō
glattiō	glattiendum	glattiō
glattiō	glattiendō	glattiō
supervestiō	supervestiō	supervestiō
supervestiō	supervestīs	supervestiō
supervestiō	supervestit	supervestiō
supervestiō	supervestīmus	supervestiō
supervestiō	supervestītis	supervestiō
supervestiō	supervestiunt	supervestiō
supervestiō	supervestiēbam	supervestiō
supervestiō	supervestiēbās	supervestiō
supervestiō	supervestiēbat	supervestiō
supervestiō	supervestiēbāmus	supervestiō
supervestiō	supervestiēbātis	supervestiō
supervestiō	supervestiēbant	supervestiō
supervestiō	supervestiam	supervestiō
supervestiō	supervestiēs	supervestiō
supervestiō	supervestiet	supervestiō
supervestiō	supervestiēmus	supervestiō
supervestiō	supervestiētis	supervestiō
supervestiō	supervestient	supervestiō
supervestiō	supervestior	supervestiō
supervestiō	supervestīris	supervestiō
supervestiō	supervestīre	supervestiō
supervestiō	supervestītur	supervestiō
supervestiō	supervestīmur	supervestiō
supervestiō	supervestīminī	supervestiō
supervestiō	supervestiuntur	supervestiō
supervestiō	supervestiēbar	supervestiō
supervestiō	supervestiēbāris	supervestiō
supervestiō	supervestiēbāre	supervestiō
supervestiō	supervestiēbātur	supervestiō
supervestiō	supervestiēbāmur	supervestiō
supervestiō	supervestiēbāminī	supervestiō
supervestiō	supervestiēbantur	supervestiō
supervestiō	supervestiar	supervestiō
supervestiō	supervestiēris	supervestiō
supervestiō	supervestiēre	supervestiō
supervestiō	supervestiētur	supervestiō
supervestiō	supervestiēmur	supervestiō
supervestiō	supervestiēminī	supervestiō
supervestiō	supervestientur	supervestiō
supervestiō	supervestiam	supervestiō
supervestiō	supervestiās	supervestiō
supervestiō	supervestiat	supervestiō
supervestiō	supervestiāmus	supervestiō
supervestiō	supervestiātis	supervestiō
supervestiō	supervestiant	supervestiō
supervestiō	supervestīrem	supervestiō
supervestiō	supervestīrēs	supervestiō
supervestiō	supervestīret	supervestiō
supervestiō	supervestīrēmus	supervestiō
supervestiō	supervestīrētis	supervestiō
supervestiō	supervestīrent	supervestiō
supervestiō	supervestiar	supervestiō
supervestiō	supervestiāris	supervestiō
supervestiō	supervestiāre	supervestiō
supervestiō	supervestiātur	supervestiō
supervestiō	supervestiāmur	supervestiō
supervestiō	supervestiāminī	supervestiō
supervestiō	supervestiantur	supervestiō
supervestiō	supervestīrer	supervestiō
supervestiō	supervestīrēris	supervestiō
supervestiō	supervestīrēre	supervestiō
supervestiō	supervestīrētur	supervestiō
supervestiō	supervestīrēmur	supervestiō
supervestiō	supervestīrēminī	supervestiō
supervestiō	supervestīrentur	supervestiō
supervestiō	supervestī	supervestiō
supervestiō	supervestīte	supervestiō
supervestiō	supervestītō	supervestiō
supervestiō	supervestītō	supervestiō
supervestiō	supervestītōte	supervestiō
supervestiō	supervestiuntō	supervestiō
supervestiō	supervestīre	supervestiō
supervestiō	supervestīminī	supervestiō
supervestiō	supervestītor	supervestiō
supervestiō	supervestītor	supervestiō
supervestiō	supervestiuntor	supervestiō
supervestiō	supervestīre	supervestiō
supervestiō	supervestītūrum esse	supervestiō
supervestiō	supervestīrī	supervestiō
supervestiō	supervestītum esse	supervestiō
supervestiō	supervestītum īrī	supervestiō
supervestiō	supervestiēns	supervestiō
supervestiō	supervestītūrus	supervestiō
supervestiō	supervestītus	supervestiō
supervestiō	supervestiendus	supervestiō
supervestiō	supervestiundus	supervestiō
supervestiō	supervestiendī	supervestiō
supervestiō	supervestiendō	supervestiō
supervestiō	supervestiendum	supervestiō
supervestiō	supervestiendō	supervestiō
supervestiō	supervestītum	supervestiō
supervestiō	supervestītū	supervestiō
līveō	līveō	līveō
līveō	līvēs	līveō
līveō	līvet	līveō
līveō	līvēmus	līveō
līveō	līvētis	līveō
līveō	līvent	līveō
līveō	līvēbam	līveō
līveō	līvēbās	līveō
līveō	līvēbat	līveō
līveō	līvēbāmus	līveō
līveō	līvēbātis	līveō
līveō	līvēbant	līveō
līveō	līvēbō	līveō
līveō	līvēbis	līveō
līveō	līvēbit	līveō
līveō	līvēbimus	līveō
līveō	līvēbitis	līveō
līveō	līvēbunt	līveō
līveō	līveor	līveō
līveō	līvēris	līveō
līveō	līvēre	līveō
līveō	līvētur	līveō
līveō	līvēmur	līveō
līveō	līvēminī	līveō
līveō	līventur	līveō
līveō	līvēbar	līveō
līveō	līvēbāris	līveō
līveō	līvēbāre	līveō
līveō	līvēbātur	līveō
līveō	līvēbāmur	līveō
līveō	līvēbāminī	līveō
līveō	līvēbantur	līveō
līveō	līvēbor	līveō
līveō	līvēberis	līveō
līveō	līvēbere	līveō
līveō	līvēbitur	līveō
līveō	līvēbimur	līveō
līveō	līvēbiminī	līveō
līveō	līvēbuntur	līveō
līveō	līveam	līveō
līveō	līveās	līveō
līveō	līveat	līveō
līveō	līveāmus	līveō
līveō	līveātis	līveō
līveō	līveant	līveō
līveō	līvērem	līveō
līveō	līvērēs	līveō
līveō	līvēret	līveō
līveō	līvērēmus	līveō
līveō	līvērētis	līveō
līveō	līvērent	līveō
līveō	līvear	līveō
līveō	līveāris	līveō
līveō	līveāre	līveō
līveō	līveātur	līveō
līveō	līveāmur	līveō
līveō	līveāminī	līveō
līveō	līveantur	līveō
līveō	līvērer	līveō
līveō	līvērēris	līveō
līveō	līvērēre	līveō
līveō	līvērētur	līveō
līveō	līvērēmur	līveō
līveō	līvērēminī	līveō
līveō	līvērentur	līveō
līveō	līvē	līveō
līveō	līvēte	līveō
līveō	līvētō	līveō
līveō	līvētō	līveō
līveō	līvētōte	līveō
līveō	līventō	līveō
līveō	līvēre	līveō
līveō	līvēminī	līveō
līveō	līvētor	līveō
līveō	līvētor	līveō
līveō	līventor	līveō
līveō	līvēre	līveō
līveō	līvērī	līveō
līveō	līvēns	līveō
līveō	līvendus	līveō
līveō	līvendī	līveō
līveō	līvendō	līveō
līveō	līvendum	līveō
līveō	līvendō	līveō
attollō	attollō	attollō
attollō	attollis	attollō
attollō	attollit	attollō
attollō	attollimus	attollō
attollō	attollitis	attollō
attollō	attollunt	attollō
attollō	attollēbam	attollō
attollō	attollēbās	attollō
attollō	attollēbat	attollō
attollō	attollēbāmus	attollō
attollō	attollēbātis	attollō
attollō	attollēbant	attollō
attollō	attollam	attollō
attollō	attollēs	attollō
attollō	attollet	attollō
attollō	attollēmus	attollō
attollō	attollētis	attollō
attollō	attollent	attollō
attollō	attollor	attollō
attollō	attolleris	attollō
attollō	attollere	attollō
attollō	attollitur	attollō
attollō	attollimur	attollō
attollō	attolliminī	attollō
attollō	attolluntur	attollō
attollō	attollēbar	attollō
attollō	attollēbāris	attollō
attollō	attollēbāre	attollō
attollō	attollēbātur	attollō
attollō	attollēbāmur	attollō
attollō	attollēbāminī	attollō
attollō	attollēbantur	attollō
attollō	attollar	attollō
attollō	attollēris	attollō
attollō	attollēre	attollō
attollō	attollētur	attollō
attollō	attollēmur	attollō
attollō	attollēminī	attollō
attollō	attollentur	attollō
attollō	attollam	attollō
attollō	attollās	attollō
attollō	attollat	attollō
attollō	attollāmus	attollō
attollō	attollātis	attollō
attollō	attollant	attollō
attollō	attollerem	attollō
attollō	attollerēs	attollō
attollō	attolleret	attollō
attollō	attollerēmus	attollō
attollō	attollerētis	attollō
attollō	attollerent	attollō
attollō	attollar	attollō
attollō	attollāris	attollō
attollō	attollāre	attollō
attollō	attollātur	attollō
attollō	attollāmur	attollō
attollō	attollāminī	attollō
attollō	attollantur	attollō
attollō	attollerer	attollō
attollō	attollerēris	attollō
attollō	attollerēre	attollō
attollō	attollerētur	attollō
attollō	attollerēmur	attollō
attollō	attollerēminī	attollō
attollō	attollerentur	attollō
attollō	attolle	attollō
attollō	attollite	attollō
attollō	attollitō	attollō
attollō	attollitō	attollō
attollō	attollitōte	attollō
attollō	attolluntō	attollō
attollō	attollere	attollō
attollō	attolliminī	attollō
attollō	attollitor	attollō
attollō	attollitor	attollō
attollō	attolluntor	attollō
attollō	attollere	attollō
attollō	attollī	attollō
attollō	attollēns	attollō
attollō	attollendus	attollō
attollō	attollundus	attollō
attollō	attollendī	attollō
attollō	attollendō	attollō
attollō	attollendum	attollō
attollō	attollendō	attollō
ōminor	ōminor	ōminor
ōminor	ōmināris	ōminor
ōminor	ōmināre	ōminor
ōminor	ōminātur	ōminor
ōminor	ōmināmur	ōminor
ōminor	ōmināminī	ōminor
ōminor	ōminantur	ōminor
ōminor	ōminābar	ōminor
ōminor	ōminābāris	ōminor
ōminor	ōminābāre	ōminor
ōminor	ōminābātur	ōminor
ōminor	ōminābāmur	ōminor
ōminor	ōminābāminī	ōminor
ōminor	ōminābantur	ōminor
ōminor	ōminābor	ōminor
ōminor	ōmināberis	ōminor
ōminor	ōminābere	ōminor
ōminor	ōminābitur	ōminor
ōminor	ōminābimur	ōminor
ōminor	ōminābiminī	ōminor
ōminor	ōminābuntur	ōminor
ōminor	ōminer	ōminor
ōminor	ōminēris	ōminor
ōminor	ōminēre	ōminor
ōminor	ōminētur	ōminor
ōminor	ōminēmur	ōminor
ōminor	ōminēminī	ōminor
ōminor	ōminentur	ōminor
ōminor	ōminārer	ōminor
ōminor	ōminārēris	ōminor
ōminor	ōminārēre	ōminor
ōminor	ōminārētur	ōminor
ōminor	ōminārēmur	ōminor
ōminor	ōminārēminī	ōminor
ōminor	ōminārentur	ōminor
ōminor	ōmināre	ōminor
ōminor	ōmināminī	ōminor
ōminor	ōminātor	ōminor
ōminor	ōminātor	ōminor
ōminor	ōminantor	ōminor
ōminor	ōminārī	ōminor
ōminor	ōminātum esse	ōminor
ōminor	ōminātūrum esse	ōminor
ōminor	ōmināns	ōminor
ōminor	ōminātus	ōminor
ōminor	ōminātūrus	ōminor
ōminor	ōminandus	ōminor
ōminor	ōminandī	ōminor
ōminor	ōminandō	ōminor
ōminor	ōminandum	ōminor
ōminor	ōminandō	ōminor
ōminor	ōminātum	ōminor
ōminor	ōminātū	ōminor
aeruscō	aeruscō	aeruscō
aeruscō	aeruscās	aeruscō
aeruscō	aeruscat	aeruscō
aeruscō	aeruscāmus	aeruscō
aeruscō	aeruscātis	aeruscō
aeruscō	aeruscant	aeruscō
aeruscō	aeruscābam	aeruscō
aeruscō	aeruscābās	aeruscō
aeruscō	aeruscābat	aeruscō
aeruscō	aeruscābāmus	aeruscō
aeruscō	aeruscābātis	aeruscō
aeruscō	aeruscābant	aeruscō
aeruscō	aeruscābō	aeruscō
aeruscō	aeruscābis	aeruscō
aeruscō	aeruscābit	aeruscō
aeruscō	aeruscābimus	aeruscō
aeruscō	aeruscābitis	aeruscō
aeruscō	aeruscābunt	aeruscō
aeruscō	aeruscem	aeruscō
aeruscō	aeruscēs	aeruscō
aeruscō	aeruscet	aeruscō
aeruscō	aeruscēmus	aeruscō
aeruscō	aeruscētis	aeruscō
aeruscō	aeruscent	aeruscō
aeruscō	aeruscārem	aeruscō
aeruscō	aeruscārēs	aeruscō
aeruscō	aeruscāret	aeruscō
aeruscō	aeruscārēmus	aeruscō
aeruscō	aeruscārētis	aeruscō
aeruscō	aeruscārent	aeruscō
aeruscō	aeruscā	aeruscō
aeruscō	aeruscāte	aeruscō
aeruscō	aeruscātō	aeruscō
aeruscō	aeruscātō	aeruscō
aeruscō	aeruscātōte	aeruscō
aeruscō	aeruscantō	aeruscō
aeruscō	aeruscāre	aeruscō
aeruscō	aeruscāns	aeruscō
aeruscō	aeruscandī	aeruscō
aeruscō	aeruscandō	aeruscō
aeruscō	aeruscandum	aeruscō
aeruscō	aeruscandō	aeruscō
rūminor	rūminor	rūminor
rūminor	rūmināris	rūminor
rūminor	rūmināre	rūminor
rūminor	rūminātur	rūminor
rūminor	rūmināmur	rūminor
rūminor	rūmināminī	rūminor
rūminor	rūminantur	rūminor
rūminor	rūminābar	rūminor
rūminor	rūminābāris	rūminor
rūminor	rūminābāre	rūminor
rūminor	rūminābātur	rūminor
rūminor	rūminābāmur	rūminor
rūminor	rūminābāminī	rūminor
rūminor	rūminābantur	rūminor
rūminor	rūminābor	rūminor
rūminor	rūmināberis	rūminor
rūminor	rūminābere	rūminor
rūminor	rūminābitur	rūminor
rūminor	rūminābimur	rūminor
rūminor	rūminābiminī	rūminor
rūminor	rūminābuntur	rūminor
rūminor	rūminer	rūminor
rūminor	rūminēris	rūminor
rūminor	rūminēre	rūminor
rūminor	rūminētur	rūminor
rūminor	rūminēmur	rūminor
rūminor	rūminēminī	rūminor
rūminor	rūminentur	rūminor
rūminor	rūminārer	rūminor
rūminor	rūminārēris	rūminor
rūminor	rūminārēre	rūminor
rūminor	rūminārētur	rūminor
rūminor	rūminārēmur	rūminor
rūminor	rūminārēminī	rūminor
rūminor	rūminārentur	rūminor
rūminor	rūmināre	rūminor
rūminor	rūmināminī	rūminor
rūminor	rūminātor	rūminor
rūminor	rūminātor	rūminor
rūminor	rūminantor	rūminor
rūminor	rūminārī	rūminor
rūminor	rūminātum esse	rūminor
rūminor	rūminātūrum esse	rūminor
rūminor	rūmināns	rūminor
rūminor	rūminātus	rūminor
rūminor	rūminātūrus	rūminorMASC;SG
rūminor	rūminandus	rūminor
rūminor	rūminandī	rūminor
rūminor	rūminandō	rūminor
rūminor	rūminandum	rūminor
rūminor	rūminandō	rūminor
rūminor	rūminātum	rūminor
rūminor	rūminātū	rūminor
aquor	aquor	aquor
aquor	aquāris	aquor
aquor	aquāre	aquor
aquor	aquātur	aquor
aquor	aquāmur	aquor
aquor	aquāminī	aquor
aquor	aquantur	aquor
aquor	aquābar	aquor
aquor	aquābāris	aquor
aquor	aquābāre	aquor
aquor	aquābātur	aquor
aquor	aquābāmur	aquor
aquor	aquābāminī	aquor
aquor	aquābantur	aquor
aquor	aquābor	aquor
aquor	aquāberis	aquor
aquor	aquābere	aquor
aquor	aquābitur	aquor
aquor	aquābimur	aquor
aquor	aquābiminī	aquor
aquor	aquābuntur	aquor
aquor	aquer	aquor
aquor	aquēris	aquor
aquor	aquēre	aquor
aquor	aquētur	aquor
aquor	aquēmur	aquor
aquor	aquēminī	aquor
aquor	aquentur	aquor
aquor	aquārer	aquor
aquor	aquārēris	aquor
aquor	aquārēre	aquor
aquor	aquārētur	aquor
aquor	aquārēmur	aquor
aquor	aquārēminī	aquor
aquor	aquārentur	aquor
aquor	aquāre	aquor
aquor	aquāminī	aquor
aquor	aquātor	aquor
aquor	aquātor	aquor
aquor	aquantor	aquor
aquor	aquārī	aquor
aquor	aquātum esse	aquor
aquor	aquātūrum esse	aquor
aquor	aquāns	aquor
aquor	aquātus	aquor
aquor	aquātūrus	aquor
aquor	aquandus	aquor
aquor	aquandī	aquor
aquor	aquandō	aquor
aquor	aquandum	aquor
aquor	aquandō	aquor
aquor	aquātum	aquor
aquor	aquātū	aquor
praetorqueō	praetorqueō	praetorqueō
praetorqueō	praetorquēs	praetorqueō
praetorqueō	praetorquet	praetorqueō
praetorqueō	praetorquēmus	praetorqueō
praetorqueō	praetorquētis	praetorqueō
praetorqueō	praetorquent	praetorqueō
praetorqueō	praetorquēbam	praetorqueō
praetorqueō	praetorquēbās	praetorqueō
praetorqueō	praetorquēbat	praetorqueō
praetorqueō	praetorquēbāmus	praetorqueō
praetorqueō	praetorquēbātis	praetorqueō
praetorqueō	praetorquēbant	praetorqueō
praetorqueō	praetorquēbō	praetorqueō
praetorqueō	praetorquēbis	praetorqueō
praetorqueō	praetorquēbit	praetorqueō
praetorqueō	praetorquēbimus	praetorqueō
praetorqueō	praetorquēbitis	praetorqueō
praetorqueō	praetorquēbunt	praetorqueō
praetorqueō	praetorqueor	praetorqueō
praetorqueō	praetorquēris	praetorqueō
praetorqueō	praetorquēre	praetorqueō
praetorqueō	praetorquētur	praetorqueō
praetorqueō	praetorquēmur	praetorqueō
praetorqueō	praetorquēminī	praetorqueō
praetorqueō	praetorquentur	praetorqueō
praetorqueō	praetorquēbar	praetorqueō
praetorqueō	praetorquēbāris	praetorqueō
praetorqueō	praetorquēbāre	praetorqueō
praetorqueō	praetorquēbātur	praetorqueō
praetorqueō	praetorquēbāmur	praetorqueō
praetorqueō	praetorquēbāminī	praetorqueō
praetorqueō	praetorquēbantur	praetorqueō
praetorqueō	praetorquēbor	praetorqueō
praetorqueō	praetorquēberis	praetorqueō
praetorqueō	praetorquēbere	praetorqueō
praetorqueō	praetorquēbitur	praetorqueō
praetorqueō	praetorquēbimur	praetorqueō
praetorqueō	praetorquēbiminī	praetorqueō
praetorqueō	praetorquēbuntur	praetorqueō
praetorqueō	praetorqueam	praetorqueō
praetorqueō	praetorqueās	praetorqueō
praetorqueō	praetorqueat	praetorqueō
praetorqueō	praetorqueāmus	praetorqueō
praetorqueō	praetorqueātis	praetorqueō
praetorqueō	praetorqueant	praetorqueō
praetorqueō	praetorquērem	praetorqueō
praetorqueō	praetorquērēs	praetorqueō
praetorqueō	praetorquēret	praetorqueō
praetorqueō	praetorquērēmus	praetorqueō
praetorqueō	praetorquērētis	praetorqueō
praetorqueō	praetorquērent	praetorqueō
praetorqueō	praetorquear	praetorqueō
praetorqueō	praetorqueāris	praetorqueō
praetorqueō	praetorqueāre	praetorqueō
praetorqueō	praetorqueātur	praetorqueō
praetorqueō	praetorqueāmur	praetorqueō
praetorqueō	praetorqueāminī	praetorqueō
praetorqueō	praetorqueantur	praetorqueō
praetorqueō	praetorquērer	praetorqueō
praetorqueō	praetorquērēris	praetorqueō
praetorqueō	praetorquērēre	praetorqueō
praetorqueō	praetorquērētur	praetorqueō
praetorqueō	praetorquērēmur	praetorqueō
praetorqueō	praetorquērēminī	praetorqueō
praetorqueō	praetorquērentur	praetorqueō
praetorqueō	praetorquē	praetorqueō
praetorqueō	praetorquēte	praetorqueō
praetorqueō	praetorquētō	praetorqueō
praetorqueō	praetorquētō	praetorqueō
praetorqueō	praetorquētōte	praetorqueō
praetorqueō	praetorquentō	praetorqueō
praetorqueō	praetorquēre	praetorqueō
praetorqueō	praetorquēminī	praetorqueō
praetorqueō	praetorquētor	praetorqueō
praetorqueō	praetorquētor	praetorqueō
praetorqueō	praetorquentor	praetorqueō
praetorqueō	praetorquēre	praetorqueō
praetorqueō	praetortūrum esse	praetorqueō
praetorqueō	praetorquērī	praetorqueō
praetorqueō	praetortum esse	praetorqueō
praetorqueō	praetortum īrī	praetorqueō
praetorqueō	praetorquēns	praetorqueō
praetorqueō	praetortūrus	praetorqueō
praetorqueō	praetortus	praetorqueō
praetorqueō	praetorquendus	praetorqueō
praetorqueō	praetorquendī	praetorqueō
praetorqueō	praetorquendō	praetorqueō
praetorqueō	praetorquendum	praetorqueō
praetorqueō	praetorquendō	praetorqueō
praetorqueō	praetortum	praetorqueō
praetorqueō	praetortū	praetorqueō
grātificor	grātificor	grātificor
grātificor	grātificāris	grātificor
grātificor	grātificāre	grātificor
grātificor	grātificātur	grātificor
grātificor	grātificāmur	grātificor
grātificor	grātificāminī	grātificor
grātificor	grātificantur	grātificor
grātificor	grātificābar	grātificor
grātificor	grātificābāris	grātificor
grātificor	grātificābāre	grātificor
grātificor	grātificābātur	grātificor
grātificor	grātificābāmur	grātificor
grātificor	grātificābāminī	grātificor
grātificor	grātificābantur	grātificor
grātificor	grātificābor	grātificor
grātificor	grātificāberis	grātificor
grātificor	grātificābere	grātificor
grātificor	grātificābitur	grātificor
grātificor	grātificābimur	grātificor
grātificor	grātificābiminī	grātificor
grātificor	grātificābuntur	grātificor
grātificor	grātificer	grātificor
grātificor	grātificēris	grātificor
grātificor	grātificēre	grātificor
grātificor	grātificētur	grātificor
grātificor	grātificēmur	grātificor
grātificor	grātificēminī	grātificor
grātificor	grātificentur	grātificor
grātificor	grātificārer	grātificor
grātificor	grātificārēris	grātificor
grātificor	grātificārēre	grātificor
grātificor	grātificārētur	grātificor
grātificor	grātificārēmur	grātificor
grātificor	grātificārēminī	grātificor
grātificor	grātificārentur	grātificor
grātificor	grātificāre	grātificor
grātificor	grātificāminī	grātificor
grātificor	grātificātor	grātificor
grātificor	grātificātor	grātificor
grātificor	grātificantor	grātificor
grātificor	grātificārī	grātificor
grātificor	grātificātum esse	grātificor
grātificor	grātificātūrum esse	grātificor
grātificor	grātificāns	grātificor
grātificor	grātificātus	grātificorASC;SG
grātificor	grātificātūrus	grātificor
grātificor	grātificandus	grātificor
grātificor	grātificandī	grātificor
grātificor	grātificandō	grātificor
grātificor	grātificandum	grātificor
grātificor	grātificandō	grātificor
grātificor	grātificātum	grātificor;SG
grātificor	grātificātū	grātificor
praependeō	praependeō	V;IND;ACT;PRS;1;SG
praependeō	praependēs	V;IND;ACT;PRS;2;SG
praependeō	praependet	V;IND;ACT;PRS;3;SG
praependeō	praependēmus	V;IND;ACT;PRS;1;PL
praependeō	praependētis	V;IND;ACT;PRS;2;PL
praependeō	praependent	V;IND;ACT;PRS;3;PL
praependeō	praependēbam	V;IND;ACT;PST;IPFV;1;SG
praependeō	praependēbās	V;IND;ACT;PST;IPFV;2;SG
praependeō	praependēbat	V;IND;ACT;PST;IPFV;3;SG
praependeō	praependēbāmus	V;IND;ACT;PST;IPFV;1;PL
praependeō	praependēbātis	V;IND;ACT;PST;IPFV;2;PL
praependeō	praependēbant	V;IND;ACT;PST;IPFV;3;PL
praependeō	praependēbō	V;IND;ACT;FUT;1;SG
praependeō	praependēbis	V;IND;ACT;FUT;2;SG
praependeō	praependēbit	V;IND;ACT;FUT;3;SG
praependeō	praependēbimus	V;IND;ACT;FUT;1;PL
praependeō	praependēbitis	V;IND;ACT;FUT;2;PL
praependeō	praependēbunt	V;IND;ACT;FUT;3;PL
praependeō	praependeam	V;SBJV;ACT;PRS;1;SG
praependeō	praependeās	V;SBJV;ACT;PRS;2;SG
praependeō	praependeat	V;SBJV;ACT;PRS;3;SG
praependeō	praependeāmus	V;SBJV;ACT;PRS;1;PL
praependeō	praependeātis	V;SBJV;ACT;PRS;2;PL
praependeō	praependeant	V;SBJV;ACT;PRS;3;PL
praependeō	praependērem	V;SBJV;ACT;PST;IPFV;1;SG
praependeō	praependērēs	V;SBJV;ACT;PST;IPFV;2;SG
praependeō	praependēret	V;SBJV;ACT;PST;IPFV;3;SG
praependeō	praependērēmus	V;SBJV;ACT;PST;IPFV;1;PL
praependeō	praependērētis	V;SBJV;ACT;PST;IPFV;2;PL
praependeō	praependērent	V;SBJV;ACT;PST;IPFV;3;PL
praependeō	praependē	V;IMP;ACT;PRS;2;SG
praependeō	praependēte	V;IMP;ACT;PRS;2;PL
praependeō	praependētō	V;IMP;ACT;FUT;2;SG
praependeō	praependētō	V;IMP;ACT;FUT;2;SG
praependeō	praependētōte	V;IMP;ACT;FUT;2;PL
praependeō	praependentō	V;IMP;ACT;FUT;3;PL
praependeō	praependēre	V;NFIN;ACT;PRS
praependeō	praependēns	V;V.PTCP;ACT;PRS
praependeō	praependendī	V;V.MSDR;GEN
praependeō	praependendō	V;V.MSDR;DAT
praependeō	praependendum	V;V.MSDR;ACC
praependeō	praependendō	V;V.MSDR;DAT
assector	assector	V;IND;ACT;PRS;1;SG
assector	assectāris	V;IND;ACT;PRS;2;SG
assector	assectāre	V;IND;ACT;PRS;2;SG
assector	assectātur	V;IND;ACT;PRS;3;SG
assector	assectāmur	V;IND;ACT;PRS;1;PL
assector	assectāminī	V;IND;ACT;PRS;2;PL
assector	assectantur	V;IND;ACT;PRS;3;PL
assector	assectābar	V;IND;ACT;PST;IPFV;1;SG
assector	assectābāris	V;IND;ACT;PST;IPFV;2;SG
assector	assectābāre	V;IND;ACT;PST;IPFV;2;SG
assector	assectābātur	V;IND;ACT;PST;IPFV;3;SG
assector	assectābāmur	V;IND;ACT;PST;IPFV;1;PL
assector	assectābāminī	V;IND;ACT;PST;IPFV;2;PL
assector	assectābantur	V;IND;ACT;PST;IPFV;3;PL
assector	assectābor	V;IND;ACT;FUT;1;SG
assector	assectāberis	V;IND;ACT;FUT;2;SG
assector	assectābere	V;IND;ACT;FUT;2;SG
assector	assectābitur	V;IND;ACT;FUT;3;SG
assector	assectābimur	V;IND;ACT;FUT;1;PL
assector	assectābiminī	V;IND;ACT;FUT;2;PL
assector	assectābuntur	V;IND;ACT;FUT;3;PL
assector	assecter	V;SBJV;ACT;PRS;1;SG
assector	assectēris	V;SBJV;ACT;PRS;2;SG
assector	assectēre	V;SBJV;ACT;PRS;2;SG
assector	assectētur	V;SBJV;ACT;PRS;3;SG
assector	assectēmur	V;SBJV;ACT;PRS;1;PL
assector	assectēminī	V;SBJV;ACT;PRS;2;PL
assector	assectentur	V;SBJV;ACT;PRS;3;PL
assector	assectārer	V;SBJV;ACT;PST;IPFV;1;SG
assector	assectārēris	V;SBJV;ACT;PST;IPFV;2;SG
assector	assectārēre	V;SBJV;ACT;PST;IPFV;2;SG
assector	assectārētur	V;SBJV;ACT;PST;IPFV;3;SG
assector	assectārēmur	V;SBJV;ACT;PST;IPFV;1;PL
assector	assectārēminī	V;SBJV;ACT;PST;IPFV;2;PL
assector	assectārentur	V;SBJV;ACT;PST;IPFV;3;PL
assector	assectāre	V;IND;ACT;PRS;2;SG
assector	assectāminī	V;IND;ACT;PRS;2;PL
assector	assectātor	V;IMP;ACT;FUT;2;SG
assector	assectātor	V;IMP;ACT;FUT;2;SG
assector	assectantor	V;IMP;ACT;FUT;3;PL
assector	assectārī	V;NFIN;ACT;PRS
assector	assectātum esse	V;NFIN;ACT;PST;PFV
assector	assectātūrum esse	V;NFIN;ACT;FUT
assector	assectāns	V;V.PTCP;ACT;PRS
assector	assectātus	V;V.PTCP;ACT;PST;PFV
assector	assectātūrus	V;V.PTCP;ACT;FUT
assector	assectandus	V;V.PTCP;PASS;FUT
assector	assectandī	V;V.MSDR;GEN
assector	assectandō	V;V.MSDR;DAT
assector	assectandum	V;V.MSDR;ACC
assector	assectandō	V;V.MSDR;DAT
assector	assectātum	V;V.MSDR;ACC;LGSPEC1
assector	assectātū	V;V.MSDR;ABL;LGSPEC1
frūmentor	frūmentor	frūmentor
frūmentor	frūmentāris	frūmentor
frūmentor	frūmentāre	frūmentor
frūmentor	frūmentātur	frūmentor
frūmentor	frūmentāmur	frūmentor
frūmentor	frūmentāminī	frūmentor
frūmentor	frūmentantur	frūmentor
frūmentor	frūmentābar	frūmentor
frūmentor	frūmentābāris	frūmentor
frūmentor	frūmentābāre	frūmentor
frūmentor	frūmentābātur	frūmentor
frūmentor	frūmentābāmur	frūmentor
frūmentor	frūmentābāminī	frūmentor
frūmentor	frūmentābantur	frūmentor
frūmentor	frūmentābor	frūmentor
frūmentor	frūmentāberis	frūmentor
frūmentor	frūmentābere	frūmentor
frūmentor	frūmentābitur	frūmentor
frūmentor	frūmentābimur	frūmentor
frūmentor	frūmentābiminī	frūmentor
frūmentor	frūmentābuntur	frūmentor
frūmentor	frūmenter	frūmentor
frūmentor	frūmentēris	frūmentor
frūmentor	frūmentēre	frūmentor
frūmentor	frūmentētur	frūmentor
frūmentor	frūmentēmur	frūmentor
frūmentor	frūmentēminī	frūmentor
frūmentor	frūmententur	frūmentor
frūmentor	frūmentārer	frūmentor
frūmentor	frūmentārēris	frūmentor
frūmentor	frūmentārēre	frūmentor
frūmentor	frūmentārētur	frūmentor
frūmentor	frūmentārēmur	frūmentor
frūmentor	frūmentārēminī	frūmentor
frūmentor	frūmentārentur	frūmentor
frūmentor	frūmentāre	frūmentor
frūmentor	frūmentāminī	frūmentor
frūmentor	frūmentātor	frūmentor
frūmentor	frūmentātor	frūmentor
frūmentor	frūmentantor	frūmentor
frūmentor	frūmentārī	frūmentor
frūmentor	frūmentātum esse	frūmentor
frūmentor	frūmentātūrum esse	frūmentor
frūmentor	frūmentāns	frūmentor
frūmentor	frūmentātus	frūmentor
frūmentor	frūmentātūrus	frūmentor
frūmentor	frūmentandus	frūmentor
frūmentor	frūmentandī	frūmentor
frūmentor	frūmentandō	frūmentor
frūmentor	frūmentandum	frūmentor
frūmentor	frūmentandō	frūmentor
frūmentor	frūmentātum	frūmentor
frūmentor	frūmentātū	frūmentor
adsībilō	adsībilō	adsībilō
adsībilō	adsībilās	adsībilō
adsībilō	adsībilat	adsībilō
adsībilō	adsībilāmus	adsībilō
adsībilō	adsībilātis	adsībilō
adsībilō	adsībilant	adsībilō
adsībilō	adsībilābam	adsībilō
adsībilō	adsībilābās	adsībilō
adsībilō	adsībilābat	adsībilō
adsībilō	adsībilābāmus	adsībilō
adsībilō	adsībilābātis	adsībilō
adsībilō	adsībilābant	adsībilō
adsībilō	adsībilābō	adsībilō
adsībilō	adsībilābis	adsībilō
adsībilō	adsībilābit	adsībilō
adsībilō	adsībilābimus	adsībilō
adsībilō	adsībilābitis	adsībilō
adsībilō	adsībilābunt	adsībilō
adsībilō	adsībilem	adsībilō
adsībilō	adsībilēs	adsībilō
adsībilō	adsībilet	adsībilō
adsībilō	adsībilēmus	adsībilō
adsībilō	adsībilētis	adsībilō
adsībilō	adsībilent	adsībilō
adsībilō	adsībilārem	adsībilō
adsībilō	adsībilārēs	adsībilō
adsībilō	adsībilāret	adsībilō
adsībilō	adsībilārēmus	adsībilō
adsībilō	adsībilārētis	adsībilō
adsībilō	adsībilārent	adsībilō
adsībilō	adsībilā	adsībilō
adsībilō	adsībilāte	adsībilō
adsībilō	adsībilātō	adsībilō
adsībilō	adsībilātō	adsībilō
adsībilō	adsībilātōte	adsībilō
adsībilō	adsībilantō	adsībilō
adsībilō	adsībilāre	adsībilō
adsībilō	adsībilāns	adsībilō
adsībilō	adsībilandī	adsībilō
adsībilō	adsībilandō	adsībilō
adsībilō	adsībilandum	adsībilō
adsībilō	adsībilandō	adsībilō
prōcreātūrus	prōcreātūrus	prōcreātūrus
prōcreātūrus	prōcreātūra	prōcreātūrus
prōcreātūrus	prōcreātūrum	prōcreātūrus
prōcreātūrus	prōcreātūrī	prōcreātūrus
prōcreātūrus	prōcreātūrae	prōcreātūrus
prōcreātūrus	prōcreātūra	prōcreātūrus
prōcreātūrus	prōcreātūrī	prōcreātūrus
prōcreātūrus	prōcreātūrī	prōcreātūrus
prōcreātūrus	prōcreātūrōrum	prōcreātūrus
prōcreātūrus	prōcreātūrārum	prōcreātūrus
prōcreātūrus	prōcreātūrōrum	prōcreātūrus
prōcreātūrus	prōcreātūrō	prōcreātūrus
prōcreātūrus	prōcreātūrō	prōcreātūrus
prōcreātūrus	prōcreātūrum	prōcreātūrus
prōcreātūrus	prōcreātūram	prōcreātūrus
prōcreātūrus	prōcreātūrum	prōcreātūrus
prōcreātūrus	prōcreātūrōs	prōcreātūrus
prōcreātūrus	prōcreātūrās	prōcreātūrus
prōcreātūrus	prōcreātūra	prōcreātūrus
prōcreātūrus	prōcreātūrō	prōcreātūrus
prōcreātūrus	prōcreātūrā	prōcreātūrus
prōcreātūrus	prōcreātūrō	prōcreātūrus
prōcreātūrus	prōcreātūre	prōcreātūrus
prōcreātūrus	prōcreātūra	prōcreātūrus
prōcreātūrus	prōcreātūrum	prōcreātūrus
prōcreātūrus	prōcreātūrī	prōcreātūrus
prōcreātūrus	prōcreātūrae	prōcreātūrus
prōcreātūrus	prōcreātūra	prōcreātūrus
honōrātūrus	honōrātūrus	honōrātūrus
honōrātūrus	honōrātūra	honōrātūrus
honōrātūrus	honōrātūrum	honōrātūrus
honōrātūrus	honōrātūrī	honōrātūrus
honōrātūrus	honōrātūrae	honōrātūrus
honōrātūrus	honōrātūra	honōrātūrus
honōrātūrus	honōrātūrī	honōrātūrus
honōrātūrus	honōrātūrī	honōrātūrus
honōrātūrus	honōrātūrōrum	honōrātūrus
honōrātūrus	honōrātūrārum	honōrātūrus
honōrātūrus	honōrātūrōrum	honōrātūrus
honōrātūrus	honōrātūrō	honōrātūrus
honōrātūrus	honōrātūrō	honōrātūrus
honōrātūrus	honōrātūrum	honōrātūrus
honōrātūrus	honōrātūram	honōrātūrus
honōrātūrus	honōrātūrum	honōrātūrus
honōrātūrus	honōrātūrōs	honōrātūrus
honōrātūrus	honōrātūrās	honōrātūrus
honōrātūrus	honōrātūra	honōrātūrus
honōrātūrus	honōrātūrō	honōrātūrus
honōrātūrus	honōrātūrā	honōrātūrus
honōrātūrus	honōrātūrō	honōrātūrus
honōrātūrus	honōrātūre	honōrātūrus
honōrātūrus	honōrātūra	honōrātūrus
honōrātūrus	honōrātūrum	honōrātūrus
honōrātūrus	honōrātūrī	honōrātūrus
honōrātūrus	honōrātūrae	honōrātūrus
honōrātūrus	honōrātūra	honōrātūrus
commulcēns	commulcentia	commulcēns
commulcēns	commulcēns	commulcēns
commulcēns	commulcentia	commulcēns
commulcēns	commulcentia	commulcēns
adoptāns	adoptantia	V.PTCP;NOM;NEUT;PL
adoptāns	adoptāns	V.PTCP;ACC;NEUT;SG
adoptāns	adoptantia	V.PTCP;NOM;NEUT;PL
adoptāns	adoptantia	V.PTCP;NOM;NEUT;PL
moechātus	moechātus	moechātus
moechātus	moechāta	moechātus
moechātus	moechātum	moechātus
moechātus	moechātī	moechātus
moechātus	moechātae	moechātus
moechātus	moechāta	moechātus
moechātus	moechātī	moechātus
moechātus	moechātī	moechātus
moechātus	moechātōrum	moechātus
moechātus	moechātārum	moechātus
moechātus	moechātōrum	moechātus
moechātus	moechātō	moechātus
moechātus	moechātō	moechātus
moechātus	moechātum	moechātus
moechātus	moechātam	moechātus
moechātus	moechātum	moechātus
moechātus	moechātōs	moechātus
moechātus	moechātās	moechātus
moechātus	moechāta	moechātus
moechātus	moechātō	moechātus
moechātus	moechātā	moechātus
moechātus	moechātō	moechātus
moechātus	moechāte	moechātus
moechātus	moechāta	moechātus
moechātus	moechātum	moechātus
moechātus	moechātī	moechātus
moechātus	moechātae	moechātus
moechātus	moechāta	moechātus
viridāns	viridantia	viridāns
viridāns	viridāns	viridāns
viridāns	viridantia	viridāns
viridāns	viridantia	viridāns
obtentūrus	obtentūrus	obtentūrus
obtentūrus	obtentūra	obtentūrus
obtentūrus	obtentūrum	obtentūrus
obtentūrus	obtentūrī	obtentūrus
obtentūrus	obtentūrae	obtentūrus
obtentūrus	obtentūra	obtentūrus
obtentūrus	obtentūrī	obtentūrus
obtentūrus	obtentūrī	obtentūrus
obtentūrus	obtentūrōrum	obtentūrus
obtentūrus	obtentūrārum	obtentūrus
obtentūrus	obtentūrōrum	obtentūrus
obtentūrus	obtentūrō	obtentūrus
obtentūrus	obtentūrō	obtentūrus
obtentūrus	obtentūrum	obtentūrus
obtentūrus	obtentūram	obtentūrus
obtentūrus	obtentūrum	obtentūrus
obtentūrus	obtentūrōs	obtentūrus
obtentūrus	obtentūrās	obtentūrus
obtentūrus	obtentūra	obtentūrus
obtentūrus	obtentūrō	obtentūrus
obtentūrus	obtentūrā	obtentūrus
obtentūrus	obtentūrō	obtentūrus
obtentūrus	obtentūre	obtentūrus
obtentūrus	obtentūra	obtentūrus
obtentūrus	obtentūrum	obtentūrus
obtentūrus	obtentūrī	obtentūrus
obtentūrus	obtentūrae	obtentūrus
obtentūrus	obtentūra	obtentūrus
tītillātus	tītillātus	tītillātus
tītillātus	tītillāta	tītillātus
tītillātus	tītillātum	tītillātus
tītillātus	tītillātī	tītillātus
tītillātus	tītillātae	tītillātus
tītillātus	tītillāta	tītillātus
tītillātus	tītillātī	tītillātus
tītillātus	tītillātī	tītillātus
tītillātus	tītillātōrum	tītillātus
tītillātus	tītillātārum	tītillātus
tītillātus	tītillātōrum	tītillātus
tītillātus	tītillātō	tītillātus
tītillātus	tītillātō	tītillātus
tītillātus	tītillātum	tītillātus
tītillātus	tītillātam	tītillātus
tītillātus	tītillātum	tītillātus
tītillātus	tītillātōs	tītillātus
tītillātus	tītillātās	tītillātus
tītillātus	tītillāta	tītillātus
tītillātus	tītillātō	tītillātus
tītillātus	tītillātā	tītillātus
tītillātus	tītillātō	tītillātus
tītillātus	tītillāte	tītillātus
tītillātus	tītillāta	tītillātus
tītillātus	tītillātum	tītillātus
tītillātus	tītillātī	tītillātus
tītillātus	tītillātae	tītillātus
tītillātus	tītillāta	tītillātus
trānsvolātus	trānsvolātus	trānsvolātus
trānsvolātus	trānsvolāta	trānsvolātus
trānsvolātus	trānsvolātum	trānsvolātus
trānsvolātus	trānsvolātī	trānsvolātus
trānsvolātus	trānsvolātae	trānsvolātus
trānsvolātus	trānsvolāta	trānsvolātus
trānsvolātus	trānsvolātī	trānsvolātus
trānsvolātus	trānsvolātī	trānsvolātus
trānsvolātus	trānsvolātōrum	trānsvolātus
trānsvolātus	trānsvolātārum	trānsvolātus
trānsvolātus	trānsvolātōrum	trānsvolātus
trānsvolātus	trānsvolātō	trānsvolātus
trānsvolātus	trānsvolātō	trānsvolātus
trānsvolātus	trānsvolātum	trānsvolātus
trānsvolātus	trānsvolātam	trānsvolātus
trānsvolātus	trānsvolātum	trānsvolātus
trānsvolātus	trānsvolātōs	trānsvolātus
trānsvolātus	trānsvolātās	trānsvolātus
trānsvolātus	trānsvolāta	trānsvolātus
trānsvolātus	trānsvolātō	trānsvolātus
trānsvolātus	trānsvolātā	trānsvolātus
trānsvolātus	trānsvolātō	trānsvolātus
trānsvolātus	trānsvolāte	trānsvolātus
trānsvolātus	trānsvolāta	trānsvolātus
trānsvolātus	trānsvolātum	trānsvolātus
trānsvolātus	trānsvolātī	trānsvolātus
trānsvolātus	trānsvolātae	trānsvolātus
trānsvolātus	trānsvolāta	trānsvolātus
abscēdendus	abscēdendus	abscēdendus
abscēdendus	abscēdenda	abscēdendus
abscēdendus	abscēdendum	abscēdendus
abscēdendus	abscēdendī	abscēdendus
abscēdendus	abscēdendae	abscēdendus
abscēdendus	abscēdenda	abscēdendus
abscēdendus	abscēdendī	abscēdendus
abscēdendus	abscēdendī	abscēdendus
abscēdendus	abscēdendōrum	abscēdendus
abscēdendus	abscēdendārum	abscēdendus
abscēdendus	abscēdendōrum	abscēdendus
abscēdendus	abscēdendō	abscēdendus
abscēdendus	abscēdendō	abscēdendus
abscēdendus	abscēdendum	abscēdendus
abscēdendus	abscēdendam	abscēdendus
abscēdendus	abscēdendum	abscēdendus
abscēdendus	abscēdendōs	abscēdendus
abscēdendus	abscēdendās	abscēdendus
abscēdendus	abscēdenda	abscēdendus
abscēdendus	abscēdendō	abscēdendus
abscēdendus	abscēdendā	abscēdendus
abscēdendus	abscēdendō	abscēdendus
abscēdendus	abscēdende	abscēdendus
abscēdendus	abscēdenda	abscēdendus
abscēdendus	abscēdendum	abscēdendus
abscēdendus	abscēdendī	abscēdendus
abscēdendus	abscēdendae	abscēdendus
abscēdendus	abscēdenda	abscēdendus
feminātus	feminātus	feminātus
feminātus	femināta	feminātus
feminātus	feminātum	feminātus
feminātus	feminātī	feminātus
feminātus	feminātae	feminātus
feminātus	femināta	feminātus
feminātus	feminātī	feminātus
feminātus	feminātī	feminātus
feminātus	feminātōrum	feminātus
feminātus	feminātārum	feminātus
feminātus	feminātōrum	feminātus
feminātus	feminātō	feminātus
feminātus	feminātō	feminātus
feminātus	feminātum	feminātus
feminātus	feminātam	feminātus
feminātus	feminātum	feminātus
feminātus	feminātōs	feminātus
feminātus	feminātās	feminātus
feminātus	femināta	feminātus
feminātus	feminātō	feminātus
feminātus	feminātā	feminātus
feminātus	feminātō	feminātus
feminātus	femināte	feminātus
feminātus	femināta	feminātus
feminātus	feminātum	feminātus
feminātus	feminātī	feminātus
feminātus	feminātae	feminātus
feminātus	femināta	feminātus
citūrus	citūrus	citūrus
citūrus	citūra	citūrus
citūrus	citūrum	citūrus
citūrus	citūrī	citūrus
citūrus	citūrae	citūrus
citūrus	citūra	citūrus
citūrus	citūrī	citūrus
citūrus	citūrī	citūrus
citūrus	citūrōrum	citūrus
citūrus	citūrārum	citūrus
citūrus	citūrōrum	citūrus
citūrus	citūrō	citūrus
citūrus	citūrō	citūrus
citūrus	citūrum	citūrus
citūrus	citūram	citūrus
citūrus	citūrum	citūrus
citūrus	citūrōs	citūrus
citūrus	citūrās	citūrus
citūrus	citūra	citūrus
citūrus	citūrō	citūrus
citūrus	citūrā	citūrus
citūrus	citūrō	citūrus
citūrus	citūre	citūrus
citūrus	citūra	citūrus
citūrus	citūrum	citūrus
citūrus	citūrī	citūrus
citūrus	citūrae	citūrus
citūrus	citūra	citūrus
respectātus	respectātus	respectātus
respectātus	respectāta	respectātus
respectātus	respectātum	respectātus
respectātus	respectātī	respectātus
respectātus	respectātae	respectātus
respectātus	respectāta	respectātus
respectātus	respectātī	respectātus
respectātus	respectātī	respectātus
respectātus	respectātōrum	respectātus
respectātus	respectātārum	respectātus
respectātus	respectātōrum	respectātus
respectātus	respectātō	respectātus
respectātus	respectātō	respectātus
respectātus	respectātum	respectātus
respectātus	respectātam	respectātus
respectātus	respectātum	respectātus
respectātus	respectātōs	respectātus
respectātus	respectātās	respectātus
respectātus	respectāta	respectātus
respectātus	respectātō	respectātus
respectātus	respectātā	respectātus
respectātus	respectātō	respectātus
respectātus	respectāte	respectātus
respectātus	respectāta	respectātus
respectātus	respectātum	respectātus
respectātus	respectātī	respectātus
respectātus	respectātae	respectātus
respectātus	respectāta	respectātus
optingendus	optingendus	optingendus
optingendus	optingenda	optingendus
optingendus	optingendum	optingendus
optingendus	optingendī	optingendus
optingendus	optingendae	optingendus
optingendus	optingenda	optingendus
optingendus	optingendī	optingendus
optingendus	optingendī	optingendus
optingendus	optingendōrum	optingendus
optingendus	optingendārum	optingendus
optingendus	optingendōrum	optingendus
optingendus	optingendō	optingendus
optingendus	optingendō	optingendus
optingendus	optingendum	optingendus
optingendus	optingendam	optingendus
optingendus	optingendum	optingendus
optingendus	optingendōs	optingendus
optingendus	optingendās	optingendus
optingendus	optingenda	optingendus
optingendus	optingendō	optingendus
optingendus	optingendā	optingendus
optingendus	optingendō	optingendus
optingendus	optingende	optingendus
optingendus	optingenda	optingendus
optingendus	optingendum	optingendus
optingendus	optingendī	optingendus
optingendus	optingendae	optingendus
optingendus	optingenda	optingendus
reclīnātus	reclīnātus	reclīnātus
reclīnātus	reclīnāta	reclīnātus
reclīnātus	reclīnātum	reclīnātus
reclīnātus	reclīnātī	reclīnātus
reclīnātus	reclīnātae	reclīnātus
reclīnātus	reclīnāta	reclīnātus
reclīnātus	reclīnātī	reclīnātus
reclīnātus	reclīnātī	reclīnātus
reclīnātus	reclīnātōrum	reclīnātus
reclīnātus	reclīnātārum	reclīnātus
reclīnātus	reclīnātōrum	reclīnātus
reclīnātus	reclīnātō	reclīnātus
reclīnātus	reclīnātō	reclīnātus
reclīnātus	reclīnātum	reclīnātus
reclīnātus	reclīnātam	reclīnātus
reclīnātus	reclīnātum	reclīnātus
reclīnātus	reclīnātōs	reclīnātus
reclīnātus	reclīnātās	reclīnātus
reclīnātus	reclīnāta	reclīnātus
reclīnātus	reclīnātō	reclīnātus
reclīnātus	reclīnātā	reclīnātus
reclīnātus	reclīnātō	reclīnātus
reclīnātus	reclīnāte	reclīnātus
reclīnātus	reclīnāta	reclīnātus
reclīnātus	reclīnātum	reclīnātus
reclīnātus	reclīnātī	reclīnātus
reclīnātus	reclīnātae	reclīnātus
reclīnātus	reclīnāta	reclīnātus
fassūrus	fassūrus	fassūrus
fassūrus	fassūra	fassūrus
fassūrus	fassūrum	fassūrus
fassūrus	fassūrī	fassūrus
fassūrus	fassūrae	fassūrus
fassūrus	fassūra	fassūrus
fassūrus	fassūrī	fassūrus
fassūrus	fassūrī	fassūrus
fassūrus	fassūrōrum	fassūrus
fassūrus	fassūrārum	fassūrus
fassūrus	fassūrōrum	fassūrus
fassūrus	fassūrō	fassūrus
fassūrus	fassūrō	fassūrus
fassūrus	fassūrum	fassūrus
fassūrus	fassūram	fassūrus
fassūrus	fassūrum	fassūrus
fassūrus	fassūrōs	fassūrus
fassūrus	fassūrās	fassūrus
fassūrus	fassūra	fassūrus
fassūrus	fassūrō	fassūrus
fassūrus	fassūrā	fassūrus
fassūrus	fassūrō	fassūrus
fassūrus	fassūre	fassūrus
fassūrus	fassūra	fassūrus
fassūrus	fassūrum	fassūrus
fassūrus	fassūrī	fassūrus
fassūrus	fassūrae	fassūrus
fassūrus	fassūra	fassūrus
naufragāns	naufragantia	naufragāns
naufragāns	naufragāns	naufragāns
naufragāns	naufragantia	naufragāns
naufragāns	naufragantia	naufragāns
asciātus	asciātus	asciātus
asciātus	asciāta	asciātus
asciātus	asciātum	asciātus
asciātus	asciātī	asciātus
asciātus	asciātae	asciātus
asciātus	asciāta	asciātus
asciātus	asciātī	asciātus
asciātus	asciātī	asciātus
asciātus	asciātōrum	asciātus
asciātus	asciātārum	asciātus
asciātus	asciātōrum	asciātus
asciātus	asciātō	asciātus
asciātus	asciātō	asciātus
asciātus	asciātum	asciātus
asciātus	asciātam	asciātus
asciātus	asciātum	asciātus
asciātus	asciātōs	asciātus
asciātus	asciātās	asciātus
asciātus	asciāta	asciātus
asciātus	asciātō	asciātus
asciātus	asciātā	asciātus
asciātus	asciātō	asciātus
asciātus	asciāte	asciātus
asciātus	asciāta	asciātus
asciātus	asciātum	asciātus
asciātus	asciātī	asciātus
asciātus	asciātae	asciātus
asciātus	asciāta	asciātus
nāvālis	nāvāle	nāvālis
nāvālis	nāvālia	nāvālis
nāvālis	nāvāle	nāvālis
nāvālis	nāvālia	nāvālis
nāvālis	nāvāle	nāvālis
nāvālis	nāvālia	nāvālis
aenigmaticus	aenigmaticus	aenigmaticus
aenigmaticus	aenigmatica	aenigmaticus
aenigmaticus	aenigmaticum	aenigmaticus
aenigmaticus	aenigmaticī	aenigmaticus
aenigmaticus	aenigmaticae	aenigmaticus
aenigmaticus	aenigmatica	aenigmaticus
aenigmaticus	aenigmaticī	aenigmaticus
aenigmaticus	aenigmaticī	aenigmaticus
aenigmaticus	aenigmaticōrum	aenigmaticus
aenigmaticus	aenigmaticārum	aenigmaticus
aenigmaticus	aenigmaticōrum	aenigmaticus
aenigmaticus	aenigmaticō	aenigmaticus
aenigmaticus	aenigmaticō	aenigmaticus
aenigmaticus	aenigmaticum	aenigmaticus
aenigmaticus	aenigmaticam	aenigmaticus
aenigmaticus	aenigmaticum	aenigmaticus
aenigmaticus	aenigmaticōs	aenigmaticus
aenigmaticus	aenigmaticās	aenigmaticus
aenigmaticus	aenigmatica	aenigmaticus
aenigmaticus	aenigmaticō	aenigmaticus
aenigmaticus	aenigmaticā	aenigmaticus
aenigmaticus	aenigmaticō	aenigmaticus
aenigmaticus	aenigmatice	aenigmaticus
aenigmaticus	aenigmatica	aenigmaticus
aenigmaticus	aenigmaticum	aenigmaticus
aenigmaticus	aenigmaticī	aenigmaticus
aenigmaticus	aenigmaticae	aenigmaticus
aenigmaticus	aenigmatica	aenigmaticus
rabiōsus	rabiōsus	rabiōsus
rabiōsus	rabiōsa	rabiōsus
rabiōsus	rabiōsum	rabiōsus
rabiōsus	rabiōsī	rabiōsus
rabiōsus	rabiōsae	rabiōsus
rabiōsus	rabiōsa	rabiōsus
rabiōsus	rabiōsī	rabiōsus
rabiōsus	rabiōsī	rabiōsus
rabiōsus	rabiōsōrum	rabiōsus
rabiōsus	rabiōsārum	rabiōsus
rabiōsus	rabiōsōrum	rabiōsus
rabiōsus	rabiōsō	rabiōsus
rabiōsus	rabiōsō	rabiōsus
rabiōsus	rabiōsum	rabiōsus
rabiōsus	rabiōsam	rabiōsus
rabiōsus	rabiōsum	rabiōsus
rabiōsus	rabiōsōs	rabiōsus
rabiōsus	rabiōsās	rabiōsus
rabiōsus	rabiōsa	rabiōsus
rabiōsus	rabiōsō	rabiōsus
rabiōsus	rabiōsā	rabiōsus
rabiōsus	rabiōsō	rabiōsus
rabiōsus	rabiōse	rabiōsus
rabiōsus	rabiōsa	rabiōsus
rabiōsus	rabiōsum	rabiōsus
rabiōsus	rabiōsī	rabiōsus
rabiōsus	rabiōsae	rabiōsus
rabiōsus	rabiōsa	rabiōsus
feracissimus	feracissimus	feracissimus
feracissimus	feracissima	feracissimus
feracissimus	feracissimum	feracissimus
feracissimus	feracissimī	feracissimus
feracissimus	feracissimae	feracissimus
feracissimus	feracissima	feracissimus
feracissimus	feracissimī	feracissimus
feracissimus	feracissimī	feracissimus
feracissimus	feracissimōrum	feracissimus
feracissimus	feracissimārum	feracissimus
feracissimus	feracissimōrum	feracissimus
feracissimus	feracissimō	feracissimus
feracissimus	feracissimō	feracissimus
feracissimus	feracissimum	feracissimus
feracissimus	feracissimam	feracissimus
feracissimus	feracissimum	feracissimus
feracissimus	feracissimōs	feracissimus
feracissimus	feracissimās	feracissimus
feracissimus	feracissima	feracissimus
feracissimus	feracissimō	feracissimus
feracissimus	feracissimā	feracissimus
feracissimus	feracissimō	feracissimus
feracissimus	feracissime	feracissimus
feracissimus	feracissima	feracissimus
feracissimus	feracissimum	feracissimus
feracissimus	feracissimī	feracissimus
feracissimus	feracissimae	feracissimus
feracissimus	feracissima	feracissimus
sonticus	sonticus	sonticus
sonticus	sontica	sonticus
sonticus	sonticum	sonticus
sonticus	sonticī	sonticus
sonticus	sonticae	sonticus
sonticus	sontica	sonticus
sonticus	sonticī	sonticus
sonticus	sonticī	sonticus
sonticus	sonticōrum	sonticus
sonticus	sonticārum	sonticus
sonticus	sonticōrum	sonticus
sonticus	sonticō	sonticus
sonticus	sonticō	sonticus
sonticus	sonticum	sonticus
sonticus	sonticam	sonticus
sonticus	sonticum	sonticus
sonticus	sonticōs	sonticus
sonticus	sonticās	sonticus
sonticus	sontica	sonticus
sonticus	sonticō	sonticus
sonticus	sonticā	sonticus
sonticus	sonticō	sonticus
sonticus	sontice	sonticus
sonticus	sontica	sonticus
sonticus	sonticum	sonticus
sonticus	sonticī	sonticus
sonticus	sonticae	sonticus
sonticus	sontica	sonticus
iaspius	iaspius	iaspius
iaspius	iaspia	iaspius
iaspius	iaspium	iaspius
iaspius	iaspiī	iaspius
iaspius	iaspiae	iaspius
iaspius	iaspia	iaspius
iaspius	iaspiī	iaspius
iaspius	iaspiī	iaspius
iaspius	iaspiōrum	iaspius
iaspius	iaspiārum	iaspius
iaspius	iaspiōrum	iaspius
iaspius	iaspiō	iaspius
iaspius	iaspiō	iaspius
iaspius	iaspium	iaspius
iaspius	iaspiam	iaspius
iaspius	iaspium	iaspius
iaspius	iaspiōs	iaspius
iaspius	iaspiās	iaspius
iaspius	iaspia	iaspius
iaspius	iaspiō	iaspius
iaspius	iaspiā	iaspius
iaspius	iaspiō	iaspius
iaspius	iaspie	iaspius
iaspius	iaspia	iaspius
iaspius	iaspium	iaspius
iaspius	iaspiī	iaspius
iaspius	iaspiae	iaspius
iaspius	iaspia	iaspius
audītōriālis	audītōriāle	audītōriālis
audītōriālis	audītōriālia	audītōriālis
audītōriālis	audītōriāle	audītōriālis
audītōriālis	audītōriālia	audītōriālis
audītōriālis	audītōriāle	audītōriālis
audītōriālis	audītōriālia	audītōriālis
pīlātus	pīlātus	pīlātus
pīlātus	pīlāta	pīlātus
pīlātus	pīlātum	pīlātus
pīlātus	pīlātī	pīlātus
pīlātus	pīlātae	pīlātus
pīlātus	pīlāta	pīlātus
pīlātus	pīlātī	pīlātus
pīlātus	pīlātī	pīlātus
pīlātus	pīlātōrum	pīlātus
pīlātus	pīlātārum	pīlātus
pīlātus	pīlātōrum	pīlātus
pīlātus	pīlātō	pīlātus
pīlātus	pīlātō	pīlātus
pīlātus	pīlātum	pīlātus
pīlātus	pīlātam	pīlātus
pīlātus	pīlātum	pīlātus
pīlātus	pīlātōs	pīlātus
pīlātus	pīlātās	pīlātus
pīlātus	pīlāta	pīlātus
pīlātus	pīlātō	pīlātus
pīlātus	pīlātā	pīlātus
pīlātus	pīlātō	pīlātus
pīlātus	pīlāte	pīlātus
pīlātus	pīlāta	pīlātus
pīlātus	pīlātum	pīlātus
pīlātus	pīlātī	pīlātus
pīlātus	pīlātae	pīlātus
pīlātus	pīlāta	pīlātus
pīlātus	pīlātus	pīlātus
pīlātus	pīlāta	pīlātus
pīlātus	pīlātum	pīlātus
pīlātus	pīlātī	pīlātus
pīlātus	pīlātae	pīlātus
pīlātus	pīlāta	pīlātus
pīlātus	pīlātī	pīlātus
pīlātus	pīlātī	pīlātus
pīlātus	pīlātōrum	pīlātus
pīlātus	pīlātārum	pīlātus
pīlātus	pīlātōrum	pīlātus
pīlātus	pīlātō	pīlātus
pīlātus	pīlātō	pīlātus
pīlātus	pīlātum	pīlātus
pīlātus	pīlātam	pīlātus
pīlātus	pīlātum	pīlātus
pīlātus	pīlātōs	pīlātus
pīlātus	pīlātās	pīlātus
pīlātus	pīlāta	pīlātus
pīlātus	pīlātō	pīlātus
pīlātus	pīlātā	pīlātus
pīlātus	pīlātō	pīlātus
pīlātus	pīlāte	pīlātus
pīlātus	pīlāta	pīlātus
pīlātus	pīlātum	pīlātus
pīlātus	pīlātī	pīlātus
pīlātus	pīlātae	pīlātus
pīlātus	pīlāta	pīlātus
bifōrmis	bifōrme	bifōrmis
bifōrmis	bifōrmia	bifōrmis
bifōrmis	bifōrme	bifōrmis
bifōrmis	bifōrmia	bifōrmis
bifōrmis	bifōrme	bifōrmis
bifōrmis	bifōrmia	bifōrmis
breviceps	brevicipitia	breviceps
breviceps	breviceps	breviceps
breviceps	brevicipitia	breviceps
breviceps	brevicipitia	breviceps
amoenior	amoenius	amoenior
amoenior	amoeniōra	amoenior
amoenior	amoenius	amoenior
amoenior	amoeniōra	amoenior
amoenior	amoenius	amoenior
amoenior	amoeniōra	amoenior
gymnicus	gymnicus	gymnicus
gymnicus	gymnica	gymnicus
gymnicus	gymnicum	gymnicus
gymnicus	gymnicī	gymnicus
gymnicus	gymnicae	gymnicus
gymnicus	gymnica	gymnicus
gymnicus	gymnicī	gymnicus
gymnicus	gymnicī	gymnicus
gymnicus	gymnicōrum	gymnicus
gymnicus	gymnicārum	gymnicus
gymnicus	gymnicōrum	gymnicus
gymnicus	gymnicō	gymnicus
gymnicus	gymnicō	gymnicus
gymnicus	gymnicum	gymnicus
gymnicus	gymnicam	gymnicus
gymnicus	gymnicum	gymnicus
gymnicus	gymnicōs	gymnicus
gymnicus	gymnicās	gymnicus
gymnicus	gymnica	gymnicus
gymnicus	gymnicō	gymnicus
gymnicus	gymnicā	gymnicus
gymnicus	gymnicō	gymnicus
gymnicus	gymnice	gymnicus
gymnicus	gymnica	gymnicus
gymnicus	gymnicum	gymnicus
gymnicus	gymnicī	gymnicus
gymnicus	gymnicae	gymnicus
gymnicus	gymnica	gymnicus
rīdiculus	rīdiculus	rīdiculus
rīdiculus	rīdicula	rīdiculus
rīdiculus	rīdiculum	rīdiculus
rīdiculus	rīdiculī	rīdiculus
rīdiculus	rīdiculae	rīdiculus
rīdiculus	rīdicula	rīdiculus
rīdiculus	rīdiculī	rīdiculus
rīdiculus	rīdiculī	rīdiculus
rīdiculus	rīdiculōrum	rīdiculus
rīdiculus	rīdiculārum	rīdiculus
rīdiculus	rīdiculōrum	rīdiculus
rīdiculus	rīdiculō	rīdiculus
rīdiculus	rīdiculō	rīdiculus
rīdiculus	rīdiculum	rīdiculus
rīdiculus	rīdiculam	rīdiculus
rīdiculus	rīdiculum	rīdiculus
rīdiculus	rīdiculōs	rīdiculus
rīdiculus	rīdiculās	rīdiculus
rīdiculus	rīdicula	rīdiculus
rīdiculus	rīdiculō	rīdiculus
rīdiculus	rīdiculā	rīdiculus
rīdiculus	rīdiculō	rīdiculus
rīdiculus	rīdicule	rīdiculus
rīdiculus	rīdicula	rīdiculus
rīdiculus	rīdiculum	rīdiculus
rīdiculus	rīdiculī	rīdiculus
rīdiculus	rīdiculae	rīdiculus
rīdiculus	rīdicula	rīdiculus
coniugālis	coniugāle	coniugālis
coniugālis	coniugālia	coniugālis
coniugālis	coniugāle	coniugālis
coniugālis	coniugālia	coniugālis
coniugālis	coniugāle	coniugālis
coniugālis	coniugālia	coniugālis
incōnsummātus	incōnsummātus	incōnsummātus
incōnsummātus	incōnsummāta	incōnsummātus
incōnsummātus	incōnsummātum	incōnsummātus
incōnsummātus	incōnsummātī	incōnsummātus
incōnsummātus	incōnsummātae	incōnsummātus
incōnsummātus	incōnsummāta	incōnsummātus
incōnsummātus	incōnsummātī	incōnsummātus
incōnsummātus	incōnsummātī	incōnsummātus
incōnsummātus	incōnsummātōrum	incōnsummātus
incōnsummātus	incōnsummātārum	incōnsummātus
incōnsummātus	incōnsummātōrum	incōnsummātus
incōnsummātus	incōnsummātō	incōnsummātus
incōnsummātus	incōnsummātō	incōnsummātus
incōnsummātus	incōnsummātum	incōnsummātus
incōnsummātus	incōnsummātam	incōnsummātus
incōnsummātus	incōnsummātum	incōnsummātus
incōnsummātus	incōnsummātōs	incōnsummātus
incōnsummātus	incōnsummātās	incōnsummātus
incōnsummātus	incōnsummāta	incōnsummātus
incōnsummātus	incōnsummātō	incōnsummātus
incōnsummātus	incōnsummātā	incōnsummātus
incōnsummātus	incōnsummātō	incōnsummātus
incōnsummātus	incōnsummāte	incōnsummātus
incōnsummātus	incōnsummāta	incōnsummātus
incōnsummātus	incōnsummātum	incōnsummātus
incōnsummātus	incōnsummātī	incōnsummātus
incōnsummātus	incōnsummātae	incōnsummātus
incōnsummātus	incōnsummāta	incōnsummātus
convertibilis	convertibile	convertibilis
convertibilis	convertibilia	convertibilis
convertibilis	convertibile	convertibilis
convertibilis	convertibilia	convertibilis
convertibilis	convertibile	convertibilis
convertibilis	convertibilia	convertibilis
cōpiōsissimus	cōpiōsissimus	cōpiōsissimus
cōpiōsissimus	cōpiōsissima	cōpiōsissimus
cōpiōsissimus	cōpiōsissimum	cōpiōsissimus
cōpiōsissimus	cōpiōsissimī	cōpiōsissimus
cōpiōsissimus	cōpiōsissimae	cōpiōsissimus
cōpiōsissimus	cōpiōsissima	cōpiōsissimus
cōpiōsissimus	cōpiōsissimī	cōpiōsissimus
cōpiōsissimus	cōpiōsissimī	cōpiōsissimus
cōpiōsissimus	cōpiōsissimōrum	cōpiōsissimus
cōpiōsissimus	cōpiōsissimārum	cōpiōsissimus
cōpiōsissimus	cōpiōsissimōrum	cōpiōsissimus
cōpiōsissimus	cōpiōsissimō	cōpiōsissimus
cōpiōsissimus	cōpiōsissimō	cōpiōsissimus
cōpiōsissimus	cōpiōsissimum	cōpiōsissimus
cōpiōsissimus	cōpiōsissimam	cōpiōsissimus
cōpiōsissimus	cōpiōsissimum	cōpiōsissimus
cōpiōsissimus	cōpiōsissimōs	cōpiōsissimus
cōpiōsissimus	cōpiōsissimās	cōpiōsissimus
cōpiōsissimus	cōpiōsissima	cōpiōsissimus
cōpiōsissimus	cōpiōsissimō	cōpiōsissimus
cōpiōsissimus	cōpiōsissimā	cōpiōsissimus
cōpiōsissimus	cōpiōsissimō	cōpiōsissimus
cōpiōsissimus	cōpiōsissime	cōpiōsissimus
cōpiōsissimus	cōpiōsissima	cōpiōsissimus
cōpiōsissimus	cōpiōsissimum	cōpiōsissimus
cōpiōsissimus	cōpiōsissimī	cōpiōsissimus
cōpiōsissimus	cōpiōsissimae	cōpiōsissimus
cōpiōsissimus	cōpiōsissima	cōpiōsissimus
nūbificus	nūbificus	nūbificus
nūbificus	nūbifica	nūbificus
nūbificus	nūbificum	nūbificus
nūbificus	nūbificī	nūbificus
nūbificus	nūbificae	nūbificus
nūbificus	nūbifica	nūbificus
nūbificus	nūbificī	nūbificus
nūbificus	nūbificī	nūbificus
nūbificus	nūbificōrum	nūbificus
nūbificus	nūbificārum	nūbificus
nūbificus	nūbificōrum	nūbificus
nūbificus	nūbificō	nūbificus
nūbificus	nūbificō	nūbificus
nūbificus	nūbificum	nūbificus
nūbificus	nūbificam	nūbificus
nūbificus	nūbificum	nūbificus
nūbificus	nūbificōs	nūbificus
nūbificus	nūbificās	nūbificus
nūbificus	nūbifica	nūbificus
nūbificus	nūbificō	nūbificus
nūbificus	nūbificā	nūbificus
nūbificus	nūbificō	nūbificus
nūbificus	nūbifice	nūbificus
nūbificus	nūbifica	nūbificus
nūbificus	nūbificum	nūbificus
nūbificus	nūbificī	nūbificus
nūbificus	nūbificae	nūbificus
nūbificus	nūbifica	nūbificus
temeritūdō	temeritūdō	N;NOM;SG
temeritūdō	temeritūdinēs	N;NOM;PL
temeritūdō	temeritūdinis	N;GEN;SG
temeritūdō	temeritūdinum	N;GEN;PL
temeritūdō	temeritūdinī	N;DAT;SG
temeritūdō	temeritūdinibus	N;DAT;PL
temeritūdō	temeritūdinem	N;ACC;SG
temeritūdō	temeritūdinēs	N;NOM;PL
temeritūdō	temeritūdine	N;ABL;SG
temeritūdō	temeritūdinibus	N;DAT;PL
temeritūdō	temeritūdō	N;NOM;SG
temeritūdō	temeritūdinēs	N;NOM;PL
grȳllus	grȳllus	grȳllus
grȳllus	grȳllī	grȳllus
grȳllus	grȳllī	grȳllus
grȳllus	grȳllōrum	grȳllus
grȳllus	grȳllō	grȳllus
grȳllus	grȳllīs	grȳllus
grȳllus	grȳllum	grȳllus
grȳllus	grȳllōs	grȳllus
grȳllus	grȳllō	grȳllus
grȳllus	grȳllīs	grȳllus
grȳllus	grȳlle	grȳllus
grȳllus	grȳllī	grȳllus
praedātor	praedātor	praedātor
praedātor	praedātōrēs	praedātor
praedātor	praedātōris	praedātor
praedātor	praedātōrum	praedātor
praedātor	praedātōrī	praedātor
praedātor	praedātōribus	praedātor
praedātor	praedātōrem	praedātor
praedātor	praedātōrēs	praedātor
praedātor	praedātōre	praedātor
praedātor	praedātōribus	praedātor
praedātor	praedātor	praedātor
praedātor	praedātōrēs	praedātor
pellex	pellex	pellex
pellex	pellicēs	pellex
pellex	pellicis	pellex
pellex	pellicum	pellex
pellex	pellicī	pellex
pellex	pellicibus	pellex
pellex	pellicem	pellex
pellex	pellicēs	pellex
pellex	pellice	pellex
pellex	pellicibus	pellex
pellex	pellex	pellex
pellex	pellicēs	pellex
stīvārius	stīvārius	stīvārius
stīvārius	stīvāriī	stīvārius
stīvārius	stīvāriī	stīvārius
stīvārius	stīvārī	stīvārius
stīvārius	stīvāriōrum	stīvārius
stīvārius	stīvāriō	stīvārius
stīvārius	stīvāriīs	stīvārius
stīvārius	stīvārium	stīvārius
stīvārius	stīvāriōs	stīvārius
stīvārius	stīvāriō	stīvārius
stīvārius	stīvāriīs	stīvārius
stīvārius	stīvārie	stīvārius
stīvārius	stīvāriī	stīvārius
anabasis	anabasis	anabasis
anabasis	anabasēs	anabasis
anabasis	anabasis	anabasis
anabasis	anabasium	anabasis
anabasis	anabasī	anabasis
anabasis	anabasibus	anabasis
anabasis	anabasem	anabasis
anabasis	anabasēs	anabasis
anabasis	anabasīs	anabasis
anabasis	anabase	anabasis
anabasis	anabasibus	anabasis
anabasis	anabasis	anabasis
anabasis	anabasēs	anabasis
occīsor	occīsor	occīsor
occīsor	occīsōrēs	occīsor
occīsor	occīsōris	occīsor
occīsor	occīsōrum	occīsor
occīsor	occīsōrī	occīsor
occīsor	occīsōribus	occīsor
occīsor	occīsōrem	occīsor
occīsor	occīsōrēs	occīsor
occīsor	occīsōre	occīsor
occīsor	occīsōribus	occīsor
occīsor	occīsor	occīsor
occīsor	occīsōrēs	occīsor
globus	globus	globus
globus	globī	globus
globus	globī	globus
globus	globōrum	globus
globus	globō	globus
globus	globīs	globus
globus	globum	globus
globus	globōs	globus
globus	globō	globus
globus	globīs	globus
globus	globe	globus
globus	globī	globus
clypeus	clypeus	clypeus
clypeus	clypeī	clypeus
clypeus	clypeī	clypeus
clypeus	clypeōrum	clypeus
clypeus	clypeō	clypeus
clypeus	clypeīs	clypeus
clypeus	clypeum	clypeus
clypeus	clypeōs	clypeus
clypeus	clypeō	clypeus
clypeus	clypeīs	clypeus
clypeus	clypee	clypeus
clypeus	clypeī	clypeus
sēmihomō	sēmihomō	sēmihomō
sēmihomō	sēmihominēs	sēmihomō
sēmihomō	sēmihominis	sēmihomō
sēmihomō	sēmihominum	sēmihomō
sēmihomō	sēmihominī	sēmihomō
sēmihomō	sēmihominibus	sēmihomō
sēmihomō	sēmihominem	sēmihomō
sēmihomō	sēmihominēs	sēmihomō
sēmihomō	sēmihomine	sēmihomō
sēmihomō	sēmihominibus	sēmihomō
sēmihomō	sēmihomō	sēmihomō
sēmihomō	sēmihominēs	sēmihomō
dāmium	dāmium	dāmium
dāmium	dāmia	dāmium
dāmium	dāmiī	dāmium
dāmium	dāmī	dāmium
dāmium	dāmiōrum	dāmium
dāmium	dāmiō	dāmium
dāmium	dāmiīs	dāmium
dāmium	dāmium	dāmium
dāmium	dāmia	dāmium
dāmium	dāmiō	dāmium
dāmium	dāmiīs	dāmium
dāmium	dāmium	dāmium
dāmium	dāmia	dāmium
aethra	aethra	aethra
aethra	aethrae	aethra
aethra	aethrae	aethra
aethra	aethrārum	aethra
aethra	aethrae	aethra
aethra	aethrīs	aethra
aethra	aethram	aethra
aethra	aethrās	aethra
aethra	aethrā	aethra
aethra	aethrīs	aethra
aethra	aethra	aethra
aethra	aethrae	aethra
erminea	erminea	erminea
erminea	ermineae	erminea
erminea	ermineae	erminea
erminea	ermineārum	erminea
erminea	ermineae	erminea
erminea	ermineīs	erminea
erminea	ermineam	erminea
erminea	ermineās	erminea
erminea	ermineā	erminea
erminea	ermineīs	erminea
erminea	erminea	erminea
erminea	ermineae	erminea
memoriālis	memoriālis	memoriālis
memoriālis	memoriālēs	memoriālis
memoriālis	memoriālis	memoriālis
memoriālis	memoriālium	memoriālis
memoriālis	memoriālī	memoriālis
memoriālis	memoriālibus	memoriālis
memoriālis	memoriālem	memoriālis
memoriālis	memoriālēs	memoriālis
memoriālis	memoriālīs	memoriālis
memoriālis	memoriāle	memoriālis
memoriālis	memoriālibus	memoriālis
memoriālis	memoriālis	memoriālis
memoriālis	memoriālēs	memoriālis
memoriālis	memoriāle	memoriālis
memoriālis	memoriālia	memoriālis
memoriālis	memoriāle	memoriālis
memoriālis	memoriālia	memoriālis
memoriālis	memoriāle	memoriālis
memoriālis	memoriālia	memoriālis
Geniculātus	Geniculātus	Geniculātus
Geniculātus	Geniculātī	Geniculātus
Geniculātus	Geniculātō	Geniculātus
Geniculātus	Geniculātum	Geniculātus
Geniculātus	Geniculātō	Geniculātus
Geniculātus	Geniculāte	Geniculātus
mendācium	mendācium	mendācium
mendācium	mendācia	mendācium
mendācium	mendāciī	mendācium
mendācium	mendācī	mendācium
mendācium	mendāciōrum	mendācium
mendācium	mendāciō	mendācium
mendācium	mendāciīs	mendācium
mendācium	mendācium	mendācium
mendācium	mendācia	mendācium
mendācium	mendāciō	mendācium
mendācium	mendāciīs	mendācium
mendācium	mendācium	mendācium
mendācium	mendācia	mendācium
arūra	arūra	arūra
arūra	arūrae	arūra
arūra	arūrae	arūra
arūra	arūrārum	arūra
arūra	arūrae	arūra
arūra	arūrīs	arūra
arūra	arūram	arūra
arūra	arūrās	arūra
arūra	arūrā	arūra
arūra	arūrīs	arūra
arūra	arūra	arūra
arūra	arūrae	arūra
dēceptiō	dēceptiō	dēceptiō
dēceptiō	dēceptiōnēs	dēceptiō
dēceptiō	dēceptiōnis	dēceptiō
dēceptiō	dēceptiōnum	dēceptiō
dēceptiō	dēceptiōnī	dēceptiō
dēceptiō	dēceptiōnibus	dēceptiō
dēceptiō	dēceptiōnem	dēceptiō
dēceptiō	dēceptiōnēs	dēceptiō
dēceptiō	dēceptiōne	dēceptiō
dēceptiō	dēceptiōnibus	dēceptiō
dēceptiō	dēceptiō	dēceptiō
dēceptiō	dēceptiōnēs	dēceptiō
Cadurcī	Cadurcī	Cadurcī
Cadurcī	Cadurcōrum	Cadurcī
Cadurcī	Cadurcīs	Cadurcī
Cadurcī	Cadurcōs	Cadurcī
Cadurcī	Cadurcīs	Cadurcī
Cadurcī	Cadurcī	Cadurcī
Aviola	Aviola	Aviola
Aviola	Aviolae	Aviola
Aviola	Aviolae	Aviola
Aviola	Aviolam	Aviola
Aviola	Aviolā	Aviola
Aviola	Aviola	Aviola
Angitēs	Angitēs	Angitēs
Angitēs	Angitae	Angitēs
Angitēs	Angitae	Angitēs
Angitēs	Angitēn	Angitēs
Angitēs	Angitē	Angitēs
Angitēs	Angitē	Angitēs
Tamyrās	Tamyrās	Tamyrās
Tamyrās	Tamyrae	Tamyrās
Tamyrās	Tamyrae	Tamyrās
Tamyrās	Tamyrān	Tamyrās
Tamyrās	Tamyrā	Tamyrās
Tamyrās	Tamyrā	Tamyrās
Politōrium	Politōrium	Politōrium
Politōrium	Politōriī	Politōrium
Politōrium	Politōrī	Politōrium
Politōrium	Politōriō	Politōrium
Politōrium	Politōrium	Politōrium
Politōrium	Politōriō	Politōrium
Politōrium	Politōrium	Politōrium
Politōrium	Politōriī	Politōrium
Theudōria	Theudōria	Theudōria
Theudōria	Theudōriae	Theudōria
Theudōria	Theudōriae	Theudōria
Theudōria	Theudōriam	Theudōria
Theudōria	Theudōriā	Theudōria
Theudōria	Theudōria	Theudōria
Theudōria	Theudōriae	Theudōria
Vacua	Vacua	Vacua
Vacua	Vacuae	Vacua
Vacua	Vacuae	Vacua
Vacua	Vacuam	Vacua
Vacua	Vacuā	Vacua
Vacua	Vacua	Vacua
Mandrum	Mandrum	Mandrum
Mandrum	Mandrī	Mandrum
Mandrum	Mandrō	Mandrum
Mandrum	Mandrum	Mandrum
Mandrum	Mandrō	Mandrum
Mandrum	Mandrum	Mandrum
Messālla	Messālla	Messālla
Messālla	Messāllae	Messālla
Messālla	Messāllae	Messālla
Messālla	Messāllam	Messālla
Messālla	Messāllā	Messālla
Messālla	Messālla	Messālla
Juvāvum	Juvāvum	Juvāvum
Juvāvum	Juvāvī	Juvāvum
Juvāvum	Juvāvō	Juvāvum
Juvāvum	Juvāvum	Juvāvum
Juvāvum	Juvāvō	Juvāvum
Juvāvum	Juvāvum	Juvāvum
Juvāvum	Juvāvī	Juvāvum
Ilistra	Ilistra	Ilistra
Ilistra	Ilistrae	Ilistra
Ilistra	Ilistrae	Ilistra
Ilistra	Ilistram	Ilistra
Ilistra	Ilistrā	Ilistra
Ilistra	Ilistra	Ilistra
Ilistra	Ilistrae	Ilistra
Orobiae	Orobiae	Orobiae
Orobiae	Orobiārum	Orobiae
Orobiae	Orobiīs	PROrobiae
Orobiae	Orobiās	Orobiae
Orobiae	Orobiīs	PROrobiae
Orobiae	Orobiae	Orobiae
Orobiae	Orobiīs	PROrobiae
Urbīnum	Urbīnum	Urbīnum
Urbīnum	Urbīnī	Urbīnum
Urbīnum	Urbīnō	Urbīnum
Urbīnum	Urbīnum	Urbīnum
Urbīnum	Urbīnō	Urbīnum
Urbīnum	Urbīnum	Urbīnum
Urbīnum	Urbīnī	Urbīnum
Parasangae	Parasangae	Parasangae
Parasangae	Parasangārum	Parasangae
Parasangae	Parasangīs	Parasangae
Parasangae	Parasangās	Parasangae
Parasangae	Parasangīs	Parasangae
Parasangae	Parasangae	Parasangae
Darae	Darae	Darae
Darae	Darārum	Darae
Darae	Darīs	Darae
Darae	Darās	Darae
Darae	Darīs	Darae
Darae	Darae	Darae
Darae	Darae	Darae
Darae	Darārum	Darae
Darae	Darīs	Darae
Darae	Darās	Darae
Darae	Darīs	Darae
Darae	Darae	Darae
Sypalēttus	Sypalēttus	Sypalēttus
Sypalēttus	Sypalēttī	Sypalēttus
Sypalēttus	Sypalēttō	Sypalēttus
Sypalēttus	Sypalēttum	Sypalēttus
Sypalēttus	Sypalēttō	Sypalēttus
Sypalēttus	Sypalētte	Sypalēttus
Mētrodōrus	Mētrodōrus	Mētrodōrus
Mētrodōrus	Mētrodōrī	Mētrodōrus
Mētrodōrus	Mētrodōrō	Mētrodōrus
Mētrodōrus	Mētrodōrum	Mētrodōrus
Mētrodōrus	Mētrodōrō	Mētrodōrus
Mētrodōrus	Mētrodōre	Mētrodōrus
Chrȳsobora	Chrȳsobora	Chrȳsobora
Chrȳsobora	Chrȳsoborōrum	Chrȳsobora
Chrȳsobora	Chrȳsoborīs	Chrȳsobora
Chrȳsobora	Chrȳsobora	Chrȳsobora
Chrȳsobora	Chrȳsoborīs	Chrȳsobora
Chrȳsobora	Chrȳsobora	Chrȳsobora
Chrȳsobora	Chrȳsoborīs	Chrȳsobora
